빌드 시작: 2011-02-20 오후 10:30:22
     1>2 노드의 "G:\Project\DKProject\DX11Sample\DX11Sample.vcxproj" 프로젝트(build 대상)입니다.
     1>InitializeBuildStatus:
         "Release\DX11Sample.unsuccessfulbuild"에 연결(touching)하고 있습니다.
       ClCompile:
         C:\Program Files\Microsoft Visual Studio 10.0\VC\bin\CL.exe /c /I"..\DirectXSDK(June2010)\Include" /Zi /nologo /W3 /WX- /O2 /Oi /Oy- /GL /D _UNICODE /D UNICODE /Gm- /EHsc /MD /GS /Gy /fp:precise /Zc:wchar_t /Zc:forScope /Fo"Release\\" /Fd"Release\vc100.pdb" /Gd /TP /analyze- /errorReport:prompt DX11Sample.cpp
         DX11Sample.cpp
       Link:
         C:\Program Files\Microsoft Visual Studio 10.0\VC\bin\link.exe /ERRORREPORT:PROMPT /OUT:"G:\Project\DKProject\Release\DX11Sample.exe" /NOLOGO /LIBPATH:"..\DirectXSDK(June2010)\Lib" d3d11.lib d3dx11.lib kernel32.lib user32.lib gdi32.lib winspool.lib comdlg32.lib advapi32.lib shell32.lib ole32.lib oleaut32.lib uuid.lib odbc32.lib odbccp32.lib /MANIFEST /ManifestFile:"Release\DX11Sample.exe.intermediate.manifest" /MANIFESTUAC:"level='asInvoker' uiAccess='false'" /DEBUG /PDB:"G:\Project\DKProject\Release\DX11Sample.pdb" /OPT:REF /OPT:ICF /LTCG /TLBID:1 /DYNAMICBASE /NXCOMPAT /IMPLIB:"G:\Project\DKProject\Release\DX11Sample.lib" /MACHINE:X86 Release\DX11Sample.obj
         코드를 생성하고 있습니다.
         코드를 생성했습니다.
         DX11Sample.vcxproj -> G:\Project\DKProject\Release\DX11Sample.exe
       Manifest:
         C:\Program Files\Microsoft SDKs\Windows\v7.0A\bin\mt.exe /nologo /verbose /outputresource:"G:\Project\DKProject\Release\DX11Sample.exe;#1" /manifest Release\DX11Sample.exe.intermediate.manifest
       FinalizeBuildStatus:
         "Release\DX11Sample.unsuccessfulbuild" 파일을 삭제하고 있습니다.
         "Release\DX11Sample.lastbuildstate"에 연결(touching)하고 있습니다.
     1>"G:\Project\DKProject\DX11Sample\DX11Sample.vcxproj" 프로젝트를 빌드했습니다(build 대상).

빌드했습니다.

경과 시간: 00:00:07.69
