d:\work\dsaehjlkioqwe\dsaehjlkioqwe\2_directshowsource\2_directshow\debug\webcamdirectshow.pch
d:\work\dsaehjlkioqwe\dsaehjlkioqwe\2_directshowsource\2_directshow\debug\vc141.pdb
d:\work\dsaehjlkioqwe\dsaehjlkioqwe\2_directshowsource\2_directshow\debug\vc141.idb
d:\work\dsaehjlkioqwe\dsaehjlkioqwe\2_directshowsource\2_directshow\debug\stdafx.obj
d:\work\dsaehjlkioqwe\dsaehjlkioqwe\2_directshowsource\2_directshow\debug\capturegraph.obj
d:\work\dsaehjlkioqwe\dsaehjlkioqwe\2_directshowsource\2_directshow\debug\webcamdirectshow.obj
d:\work\dsaehjlkioqwe\dsaehjlkioqwe\2_directshowsource\2_directshow\debug\dlgwebcam.obj
d:\work\dsaehjlkioqwe\dsaehjlkioqwe\2_directshowsource\2_directshow\debug\win2dlg.obj
e:\bsamwork\2_directshowsource\2_directshow\debug\webcamdirectshow.ilk
e:\bsamwork\2_directshowsource\2_directshow\debug\webcamdirectshow.exe
e:\bsamwork\2_directshowsource\2_directshow\debug\webcamdirectshow.pdb
d:\work\dsaehjlkioqwe\dsaehjlkioqwe\2_directshowsource\2_directshow\debug\webcamdirectshow.ilk
d:\work\dsaehjlkioqwe\dsaehjlkioqwe\2_directshowsource\2_directshow\debug\webcamdirectshow.exe
d:\work\dsaehjlkioqwe\dsaehjlkioqwe\2_directshowsource\2_directshow\debug\webcamdirectshow.pdb
d:\work\dsaehjlkioqwe\dsaehjlkioqwe\2_directshowsource\2_directshow\debug\webcamdirectshow.res
d:\work\bsam_work\dkproject\directshow\debug\capturegraph.obj
d:\work\bsam_work\dkproject\directshow\debug\dlgwebcam.obj
d:\work\bsam_work\dkproject\directshow\debug\stdafx.obj
d:\work\bsam_work\dkproject\directshow\debug\webcamdirectshow.obj
d:\work\bsam_work\dkproject\directshow\debug\win2dlg.obj
d:\work\bsam_work\dkproject\directshow\debug\webcamdirectshow.ilk
d:\work\bsam_work\dkproject\directshow\debug\webcamdirectshow.res
d:\work\bsam_work\dkproject\directshow\debug\webcamdirectshow.pch
d:\work\bsam_work\dkproject\directshow\debug\vc140.idb
d:\work\bsam_work\dkproject\directshow\debug\vc141.idb
d:\work\bsam_work\dkproject\directshow\debug\vc140.pdb
d:\work\bsam_work\dkproject\directshow\debug\vc141.pdb
d:\work\bsam_work\dkproject\directshow\debug\webcamdirectshow.pdb
d:\work\bsam_work\dkproject\directshow\debug\webcamdirectshow.tlog\cl.command.1.tlog
d:\work\bsam_work\dkproject\directshow\debug\webcamdirectshow.tlog\cl.read.1.tlog
d:\work\bsam_work\dkproject\directshow\debug\webcamdirectshow.tlog\cl.write.1.tlog
d:\work\bsam_work\dkproject\directshow\debug\webcamdirectshow.tlog\link.command.1.tlog
d:\work\bsam_work\dkproject\directshow\debug\webcamdirectshow.tlog\link.read.1.tlog
d:\work\bsam_work\dkproject\directshow\debug\webcamdirectshow.tlog\link.write.1.tlog
d:\work\bsam_work\dkproject\directshow\debug\webcamdirectshow.tlog\rc.command.1.tlog
d:\work\bsam_work\dkproject\directshow\debug\webcamdirectshow.tlog\rc.read.1.tlog
d:\work\bsam_work\dkproject\directshow\debug\webcamdirectshow.tlog\rc.write.1.tlog
