빌드 시작: 2011-01-08 오후 4:02:46
     1>2 노드의 "G:\Project\DKProject\DXUT11\Core\DXUT_2010.vcxproj" 프로젝트(build 대상)입니다.
     1>InitializeBuildStatus:
         "AlwaysCreate"이(가) 지정되었기 때문에 "Debug\DXUT.unsuccessfulbuild"을(를) 만들고 있습니다.
       ClCompile:
         C:\Program Files\Microsoft Visual Studio 10.0\VC\bin\CL.exe /c /I..\..\\Core /I..\..\\Optional /ZI /nologo /W4 /WX- /Od /Oi /Oy- /D WIN32 /D _DEBUG /D DEBUG /D PROFILE /D _WINDOWS /D _LIB /D D3DXFX_LARGEADDRESS_HANDLE /D _UNICODE /D UNICODE /Gm- /EHsc /RTC1 /MDd /GS /arch:SSE2 /fp:fast /Zc:wchar_t /Zc:forScope /openmp- /Fo"Debug\\" /Fd"Debug\vc100.pdb" /Gd /TP /analyze- /errorReport:prompt DXUT.cpp DXUTDevice11.cpp DXUTDevice9.cpp DXUTmisc.cpp  
         DXUT.cpp
         DXUTDevice11.cpp
         DXUTDevice9.cpp
         DXUTmisc.cpp
         코드를 생성하고 있습니다...
       Lib:
         C:\Program Files\Microsoft Visual Studio 10.0\VC\bin\Lib.exe /OUT:"G:\Project\DKProject\Debug\DXUT.lib" /NOLOGO Debug\DXUT.obj
         Debug\DXUTDevice11.obj
         Debug\DXUTDevice9.obj
         Debug\DXUTmisc.obj
         DXUT_2010.vcxproj -> G:\Project\DKProject\Debug\DXUT.lib
       FinalizeBuildStatus:
         "Debug\DXUT.unsuccessfulbuild" 파일을 삭제하고 있습니다.
         "Debug\DXUT.lastbuildstate"에 연결(touching)하고 있습니다.
     1>"G:\Project\DKProject\DXUT11\Core\DXUT_2010.vcxproj" 프로젝트를 빌드했습니다(build 대상).

빌드했습니다.

경과 시간: 00:00:04.63
