e:\bsamwork\dkproject\engine\debug\vc140.pdb
e:\bsamwork\dkproject\engine\debug\vc140.idb
e:\bsamwork\dkproject\engine\debug\cameraclass.obj
e:\bsamwork\dkproject\engine\debug\d3dclass.obj
e:\bsamwork\dkproject\engine\debug\graphicsclass.obj
e:\bsamwork\dkproject\engine\debug\inputclass.obj
e:\bsamwork\dkproject\engine\debug\main.obj
e:\bsamwork\dkproject\engine\debug\modelclass.obj
e:\bsamwork\dkproject\engine\debug\systemclass.obj
e:\bsamwork\dkproject\engine\debug\textureclass.obj
e:\bsamwork\dkproject\engine\debug\textureshaderclass.obj
e:\bsamwork\dkproject\engine\debug\transparentshaderclass.obj
e:\bsamwork\dkproject\debug\engine.ilk
e:\bsamwork\dkproject\debug\engine.exe
e:\bsamwork\dkproject\debug\engine.pdb
e:\bsamwork\dkproject\engine\debug\engine.tlog\cl.command.1.tlog
e:\bsamwork\dkproject\engine\debug\engine.tlog\cl.read.1.tlog
e:\bsamwork\dkproject\engine\debug\engine.tlog\cl.write.1.tlog
e:\bsamwork\dkproject\engine\debug\engine.tlog\link.command.1.tlog
e:\bsamwork\dkproject\engine\debug\engine.tlog\link.read.1.tlog
e:\bsamwork\dkproject\engine\debug\engine.tlog\link.write.1.tlog
