e:\bsamwork\dkproject\tool2\x64\debug\tool2.pch
e:\bsamwork\dkproject\tool2\x64\debug\vc140.pdb
e:\bsamwork\dkproject\tool2\x64\debug\vc140.idb
e:\bsamwork\dkproject\tool2\x64\debug\stdafx.obj
e:\bsamwork\dkproject\tool2\x64\debug\tool2.obj
e:\bsamwork\dkproject\tool2\x64\debug\childfrm.obj
e:\bsamwork\dkproject\tool2\x64\debug\mainfrm.obj
e:\bsamwork\dkproject\tool2\x64\debug\tool2doc.obj
e:\bsamwork\dkproject\tool2\x64\debug\tool2view.obj
e:\bsamwork\dkproject\tool2\x64\debug\capturewindow.obj
e:\bsamwork\dkproject\tool2\x64\debug\program.obj
e:\bsamwork\dkproject\tool2\x64\debug\videocapture.obj
d:\work\bsam_work\dkproject\tool2\x64\debug\tool2.pch
d:\work\bsam_work\dkproject\tool2\x64\debug\vc141.pdb
d:\work\bsam_work\dkproject\tool2\x64\debug\vc141.idb
d:\work\bsam_work\dkproject\tool2\x64\debug\stdafx.obj
d:\work\bsam_work\dkproject\tool2\x64\debug\capturewindow.obj
d:\work\bsam_work\dkproject\tool2\x64\debug\childfrm.obj
d:\work\bsam_work\dkproject\tool2\x64\debug\mainfrm.obj
d:\work\bsam_work\dkproject\tool2\x64\debug\program.obj
d:\work\bsam_work\dkproject\tool2\x64\debug\tool2.obj
d:\work\bsam_work\dkproject\tool2\x64\debug\tool2doc.obj
d:\work\bsam_work\dkproject\tool2\x64\debug\tool2view.obj
d:\work\bsam_work\dkproject\tool2\x64\debug\videocapture.obj
e:\bsamwork\dkproject\x64\debug\tool2.ilk
e:\bsamwork\dkproject\x64\debug\tool2.exe
e:\bsamwork\dkproject\x64\debug\tool2.pdb
d:\work\bsam_work\dkproject\x64\debug\tool2.ilk
d:\work\bsam_work\dkproject\x64\debug\tool2.exe
d:\work\bsam_work\dkproject\x64\debug\tool2.pdb
e:\bsamwork\dkproject\tool2\x64\debug\tool2.res
d:\work\bsam_work\dkproject\tool2\x64\debug\tool2.res
e:\bsam_work\dkproject\tool2\x64\debug\capturewindow.obj
e:\bsam_work\dkproject\tool2\x64\debug\childfrm.obj
e:\bsam_work\dkproject\tool2\x64\debug\mainfrm.obj
e:\bsam_work\dkproject\tool2\x64\debug\program.obj
e:\bsam_work\dkproject\tool2\x64\debug\stdafx.obj
e:\bsam_work\dkproject\tool2\x64\debug\tool2.obj
e:\bsam_work\dkproject\tool2\x64\debug\tool2doc.obj
e:\bsam_work\dkproject\tool2\x64\debug\tool2view.obj
e:\bsam_work\dkproject\tool2\x64\debug\videocapture.obj
e:\bsam_work\dkproject\tool2\x64\debug\tool2.res
e:\bsam_work\dkproject\tool2\x64\debug\tool2.pch
e:\bsam_work\dkproject\tool2\x64\debug\vc140.idb
e:\bsam_work\dkproject\tool2\x64\debug\vc141.idb
e:\bsam_work\dkproject\tool2\x64\debug\vc140.pdb
e:\bsam_work\dkproject\tool2\x64\debug\vc141.pdb
e:\bsam_work\dkproject\x64\debug\tool2.pdb
e:\bsam_work\dkproject\x64\debug\tool2.exe
e:\bsam_work\dkproject\x64\debug\tool2.ilk
e:\bsam_work\dkproject\tool2\x64\debug\tool2.tlog\cl.command.1.tlog
e:\bsam_work\dkproject\tool2\x64\debug\tool2.tlog\cl.read.1.tlog
e:\bsam_work\dkproject\tool2\x64\debug\tool2.tlog\cl.write.1.tlog
e:\bsam_work\dkproject\tool2\x64\debug\tool2.tlog\link.command.1.tlog
e:\bsam_work\dkproject\tool2\x64\debug\tool2.tlog\link.read.1.tlog
e:\bsam_work\dkproject\tool2\x64\debug\tool2.tlog\link.write.1.tlog
e:\bsam_work\dkproject\tool2\x64\debug\tool2.tlog\rc.command.1.tlog
e:\bsam_work\dkproject\tool2\x64\debug\tool2.tlog\rc.read.1.tlog
e:\bsam_work\dkproject\tool2\x64\debug\tool2.tlog\rc.write.1.tlog
